<?xml version="1.0" encoding="UTF-8"?>
<testsuite name="com.stan.spring.integration.database.repository.CompanyRepositoryTest" tests="1" skipped="0" failures="0" errors="0" timestamp="2022-07-01T11:43:00" hostname="DESKTOP-QI8F0IR" time="0.339">
  <properties/>
  <testcase name="save()" classname="com.stan.spring.integration.database.repository.CompanyRepositoryTest" time="0.339"/>
  <system-out><![CDATA[14:42:53.868 [Test worker] DEBUG org.springframework.test.context.BootstrapUtils - Instantiating CacheAwareContextLoaderDelegate from class [org.springframework.test.context.cache.DefaultCacheAwareContextLoaderDelegate]
14:42:53.883 [Test worker] DEBUG org.springframework.test.context.BootstrapUtils - Instantiating BootstrapContext using constructor [public org.springframework.test.context.support.DefaultBootstrapContext(java.lang.Class,org.springframework.test.context.CacheAwareContextLoaderDelegate)]
14:42:53.940 [Test worker] DEBUG org.springframework.test.context.BootstrapUtils - Instantiating TestContextBootstrapper for test class [com.stan.spring.integration.database.repository.CompanyRepositoryTest] from class [org.springframework.boot.test.context.SpringBootTestContextBootstrapper]
14:42:53.962 [Test worker] INFO org.springframework.boot.test.context.SpringBootTestContextBootstrapper - Neither @ContextConfiguration nor @ContextHierarchy found for test class [com.stan.spring.integration.database.repository.CompanyRepositoryTest], using SpringBootContextLoader
14:42:53.968 [Test worker] DEBUG org.springframework.test.context.support.AbstractContextLoader - Did not detect default resource location for test class [com.stan.spring.integration.database.repository.CompanyRepositoryTest]: class path resource [com/stan/spring/integration/database/repository/CompanyRepositoryTest-context.xml] does not exist
14:42:53.969 [Test worker] DEBUG org.springframework.test.context.support.AbstractContextLoader - Did not detect default resource location for test class [com.stan.spring.integration.database.repository.CompanyRepositoryTest]: class path resource [com/stan/spring/integration/database/repository/CompanyRepositoryTestContext.groovy] does not exist
14:42:53.970 [Test worker] INFO org.springframework.test.context.support.AbstractContextLoader - Could not detect default resource locations for test class [com.stan.spring.integration.database.repository.CompanyRepositoryTest]: no resource found for suffixes {-context.xml, Context.groovy}.
14:42:54.168 [Test worker] DEBUG org.springframework.context.annotation.ClassPathScanningCandidateComponentProvider - Identified candidate component class: file [D:\JavaProjects\spring-starter\build\classes\java\main\com\stan\spring\ApplicationRunner.class]
14:42:54.171 [Test worker] INFO org.springframework.boot.test.context.SpringBootTestContextBootstrapper - Found @SpringBootConfiguration com.stan.spring.ApplicationRunner for test class com.stan.spring.integration.database.repository.CompanyRepositoryTest
14:42:54.405 [Test worker] DEBUG org.springframework.boot.test.context.SpringBootTestContextBootstrapper - @TestExecutionListeners is not present for class [com.stan.spring.integration.database.repository.CompanyRepositoryTest]: using defaults.
14:42:54.408 [Test worker] INFO org.springframework.boot.test.context.SpringBootTestContextBootstrapper - Loaded default TestExecutionListener class names from location [META-INF/spring.factories]: [org.springframework.boot.test.autoconfigure.restdocs.RestDocsTestExecutionListener, org.springframework.boot.test.autoconfigure.web.client.MockRestServiceServerResetTestExecutionListener, org.springframework.boot.test.autoconfigure.web.servlet.MockMvcPrintOnlyOnFailureTestExecutionListener, org.springframework.boot.test.autoconfigure.web.servlet.WebDriverTestExecutionListener, org.springframework.boot.test.autoconfigure.webservices.client.MockWebServiceServerTestExecutionListener, org.springframework.boot.test.mock.mockito.MockitoTestExecutionListener, org.springframework.boot.test.mock.mockito.ResetMocksTestExecutionListener, org.springframework.test.context.web.ServletTestExecutionListener, org.springframework.test.context.support.DirtiesContextBeforeModesTestExecutionListener, org.springframework.test.context.event.ApplicationEventsTestExecutionListener, org.springframework.test.context.support.DependencyInjectionTestExecutionListener, org.springframework.test.context.support.DirtiesContextTestExecutionListener, org.springframework.test.context.transaction.TransactionalTestExecutionListener, org.springframework.test.context.jdbc.SqlScriptsTestExecutionListener, org.springframework.test.context.event.EventPublishingTestExecutionListener]
14:42:54.427 [Test worker] DEBUG org.springframework.boot.test.context.SpringBootTestContextBootstrapper - Skipping candidate TestExecutionListener [org.springframework.test.context.web.ServletTestExecutionListener] due to a missing dependency. Specify custom listener classes or make the default listener classes and their required dependencies available. Offending class: [javax/servlet/ServletContext]
14:42:54.442 [Test worker] INFO org.springframework.boot.test.context.SpringBootTestContextBootstrapper - Using TestExecutionListeners: [org.springframework.test.context.support.DirtiesContextBeforeModesTestExecutionListener@6273c5a4, org.springframework.test.context.event.ApplicationEventsTestExecutionListener@5d465e4b, org.springframework.boot.test.mock.mockito.MockitoTestExecutionListener@53e211ee, org.springframework.boot.test.autoconfigure.SpringBootDependencyInjectionTestExecutionListener@41a90fa8, org.springframework.test.context.support.DirtiesContextTestExecutionListener@3d8bbcdc, org.springframework.test.context.transaction.TransactionalTestExecutionListener@52500920, org.springframework.test.context.jdbc.SqlScriptsTestExecutionListener@117e0fe5, org.springframework.test.context.event.EventPublishingTestExecutionListener@18a3962d, org.springframework.boot.test.autoconfigure.restdocs.RestDocsTestExecutionListener@78aea4b9, org.springframework.boot.test.autoconfigure.web.client.MockRestServiceServerResetTestExecutionListener@2a65bb85, org.springframework.boot.test.autoconfigure.web.servlet.MockMvcPrintOnlyOnFailureTestExecutionListener@4b85880b, org.springframework.boot.test.autoconfigure.web.servlet.WebDriverTestExecutionListener@4f936da8, org.springframework.boot.test.autoconfigure.webservices.client.MockWebServiceServerTestExecutionListener@4215838f, org.springframework.boot.test.mock.mockito.ResetMocksTestExecutionListener@452ba1db]
14:42:54.449 [Test worker] DEBUG org.springframework.test.context.support.AbstractDirtiesContextTestExecutionListener - Before test class: context [DefaultTestContext@51df223b testClass = CompanyRepositoryTest, testInstance = [null], testMethod = [null], testException = [null], mergedContextConfiguration = [MergedContextConfiguration@fd46303 testClass = CompanyRepositoryTest, locations = '{}', classes = '{class com.stan.spring.ApplicationRunner, class com.stan.spring.integration.TestApplicationRunner}', contextInitializerClasses = '[]', activeProfiles = '{test}', propertySourceLocations = '{}', propertySourceProperties = '{org.springframework.boot.test.context.SpringBootTestContextBootstrapper=true}', contextCustomizers = set[org.springframework.boot.test.autoconfigure.actuate.metrics.MetricsExportContextCustomizerFactory$DisableMetricExportContextCustomizer@1a6c1270, org.springframework.boot.test.autoconfigure.properties.PropertyMappingContextCustomizer@0, org.springframework.boot.test.autoconfigure.web.servlet.WebDriverContextCustomizerFactory$Customizer@5dcd8c7a, org.springframework.boot.test.context.filter.ExcludeFilterContextCustomizer@331acdad, org.springframework.boot.test.json.DuplicateJsonObjectContextCustomizerFactory$DuplicateJsonObjectContextCustomizer@f316aeb, org.springframework.boot.test.mock.mockito.MockitoContextCustomizer@0, org.springframework.boot.test.web.client.TestRestTemplateContextCustomizer@55322aab, org.springframework.boot.test.context.SpringBootTestArgs@1, org.springframework.boot.test.context.SpringBootTestWebEnvironment@50b5ac82], contextLoader = 'org.springframework.boot.test.context.SpringBootContextLoader', parent = [null]], attributes = map[[empty]]], class annotated with @DirtiesContext [false] with mode [null].
14:42:54.504 [Test worker] DEBUG org.springframework.boot.ApplicationEnvironment - Activating profiles []
14:42:54.511 [Test worker] DEBUG org.springframework.test.context.support.TestPropertySourceUtils - Adding inlined properties to environment: {spring.jmx.enabled=false, org.springframework.boot.test.context.SpringBootTestContextBootstrapper=true}

  .   ____          _            __ _ _
 /\\ / ___'_ __ _ _(_)_ __  __ _ \ \ \ \
( ( )\___ | '_ | '_| | '_ \/ _` | \ \ \ \
 \\/  ___)| |_)| | | | | || (_| |  ) ) ) )
  '  |____| .__|_| |_|_| |_\__, | / / / /
 =========|_|==============|___/=/_/_/_/
 :: Spring Boot ::                (v2.6.2)

2022-07-01 14:42:55.159  INFO 2772 --- [    Test worker] c.s.s.i.d.r.CompanyRepositoryTest        : Starting CompanyRepositoryTest using Java 17.0.3.1 on DESKTOP-QI8F0IR with PID 2772 (started by posht in D:\JavaProjects\spring-starter)
2022-07-01 14:42:55.162  INFO 2772 --- [    Test worker] c.s.s.i.d.r.CompanyRepositoryTest        : The following profiles are active: test
2022-07-01 14:42:55.999  INFO 2772 --- [    Test worker] .s.d.r.c.RepositoryConfigurationDelegate : Bootstrapping Spring Data JPA repositories in DEFAULT mode.
2022-07-01 14:42:56.041  INFO 2772 --- [    Test worker] .s.d.r.c.RepositoryConfigurationDelegate : Finished Spring Data repository scanning in 23 ms. Found 0 JPA repository interfaces.

2022-07-01 14:42:57.086  INFO 2772 --- [    Test worker] com.zaxxer.hikari.HikariDataSource       : HikariPool-1 - Starting...
2022-07-01 14:42:57.352  INFO 2772 --- [    Test worker] com.zaxxer.hikari.HikariDataSource       : HikariPool-1 - Start completed.
2022-07-01 14:42:57.479  INFO 2772 --- [    Test worker] o.hibernate.jpa.internal.util.LogHelper  : HHH000204: Processing PersistenceUnitInfo [name: default]
2022-07-01 14:42:57.709  INFO 2772 --- [    Test worker] org.hibernate.Version                    : HHH000412: Hibernate ORM core version 5.6.3.Final
2022-07-01 14:42:58.162  INFO 2772 --- [    Test worker] o.hibernate.annotations.common.Version   : HCANN000001: Hibernate Commons Annotations {5.1.2.Final}
2022-07-01 14:42:58.417  INFO 2772 --- [    Test worker] org.hibernate.dialect.Dialect            : HHH000400: Using dialect: org.hibernate.dialect.PostgreSQL10Dialect
2022-07-01 14:42:59.526  INFO 2772 --- [    Test worker] o.h.e.t.j.p.i.JtaPlatformInitiator       : HHH000490: Using JtaPlatform implementation: [org.hibernate.engine.transaction.jta.platform.internal.NoJtaPlatform]
2022-07-01 14:42:59.545  INFO 2772 --- [    Test worker] j.LocalContainerEntityManagerFactoryBean : Initialized JPA EntityManagerFactory for persistence unit 'default'
2022-07-01 14:42:59.583  INFO 2772 --- [    Test worker] c.s.spring.database.pool.ConnectionPool  : Init connection pool
2022-07-01 14:42:59.914  INFO 2772 --- [    Test worker] com.stan.spring.config.JpaConfiguration  : Jpa configuration is enabled
2022-07-01 14:42:59.940  INFO 2772 --- [    Test worker] c.s.spring.database.pool.ConnectionPool  : Init connection pool
2022-07-01 14:42:59.942  INFO 2772 --- [    Test worker] c.s.spring.database.pool.ConnectionPool  : Init connection pool
2022-07-01 14:42:59.946  WARN 2772 --- [    Test worker] c.s.s.d.repository.CompanyRepository     : init company repository
2022-07-01 14:42:59.987  WARN 2772 --- [    Test worker] c.s.s.d.repository.CompanyRepository     : init company repository
2022-07-01 14:43:00.457  INFO 2772 --- [    Test worker] c.s.s.i.d.r.CompanyRepositoryTest        : Started CompanyRepositoryTest in 5.942 seconds (JVM running for 7.807)
2022-07-01 14:43:00.748  INFO 2772 --- [    Test worker] o.s.t.c.transaction.TransactionContext   : Began transaction (1) for test context [DefaultTestContext@51df223b testClass = CompanyRepositoryTest, testInstance = com.stan.spring.integration.database.repository.CompanyRepositoryTest@7d3815f7, testMethod = save@CompanyRepositoryTest, testException = [null], mergedContextConfiguration = [MergedContextConfiguration@fd46303 testClass = CompanyRepositoryTest, locations = '{}', classes = '{class com.stan.spring.ApplicationRunner, class com.stan.spring.integration.TestApplicationRunner}', contextInitializerClasses = '[]', activeProfiles = '{test}', propertySourceLocations = '{}', propertySourceProperties = '{org.springframework.boot.test.context.SpringBootTestContextBootstrapper=true}', contextCustomizers = set[org.springframework.boot.test.autoconfigure.actuate.metrics.MetricsExportContextCustomizerFactory$DisableMetricExportContextCustomizer@1a6c1270, org.springframework.boot.test.autoconfigure.properties.PropertyMappingContextCustomizer@0, org.springframework.boot.test.autoconfigure.web.servlet.WebDriverContextCustomizerFactory$Customizer@5dcd8c7a, org.springframework.boot.test.context.filter.ExcludeFilterContextCustomizer@331acdad, org.springframework.boot.test.json.DuplicateJsonObjectContextCustomizerFactory$DuplicateJsonObjectContextCustomizer@f316aeb, org.springframework.boot.test.mock.mockito.MockitoContextCustomizer@0, org.springframework.boot.test.web.client.TestRestTemplateContextCustomizer@55322aab, org.springframework.boot.test.context.SpringBootTestArgs@1, org.springframework.boot.test.context.SpringBootTestWebEnvironment@50b5ac82], contextLoader = 'org.springframework.boot.test.context.SpringBootContextLoader', parent = [null]], attributes = map['org.springframework.test.context.event.ApplicationEventsTestExecutionListener.recordApplicationEvents' -> false]]; transaction manager [org.springframework.orm.jpa.JpaTransactionManager@10a064bd]; rollback [false]
Hibernate: 
    insert 
    into
        company
        (name) 
    values
        (?)
Hibernate: 
    insert 
    into
        company_locales
        (company_id, lang, description) 
    values
        (?, ?, ?)
Hibernate: 
    insert 
    into
        company_locales
        (company_id, lang, description) 
    values
        (?, ?, ?)
2022-07-01 14:43:00.922  INFO 2772 --- [    Test worker] o.s.t.c.transaction.TransactionContext   : Committed transaction for test: [DefaultTestContext@51df223b testClass = CompanyRepositoryTest, testInstance = com.stan.spring.integration.database.repository.CompanyRepositoryTest@7d3815f7, testMethod = save@CompanyRepositoryTest, testException = [null], mergedContextConfiguration = [MergedContextConfiguration@fd46303 testClass = CompanyRepositoryTest, locations = '{}', classes = '{class com.stan.spring.ApplicationRunner, class com.stan.spring.integration.TestApplicationRunner}', contextInitializerClasses = '[]', activeProfiles = '{test}', propertySourceLocations = '{}', propertySourceProperties = '{org.springframework.boot.test.context.SpringBootTestContextBootstrapper=true}', contextCustomizers = set[org.springframework.boot.test.autoconfigure.actuate.metrics.MetricsExportContextCustomizerFactory$DisableMetricExportContextCustomizer@1a6c1270, org.springframework.boot.test.autoconfigure.properties.PropertyMappingContextCustomizer@0, org.springframework.boot.test.autoconfigure.web.servlet.WebDriverContextCustomizerFactory$Customizer@5dcd8c7a, org.springframework.boot.test.context.filter.ExcludeFilterContextCustomizer@331acdad, org.springframework.boot.test.json.DuplicateJsonObjectContextCustomizerFactory$DuplicateJsonObjectContextCustomizer@f316aeb, org.springframework.boot.test.mock.mockito.MockitoContextCustomizer@0, org.springframework.boot.test.web.client.TestRestTemplateContextCustomizer@55322aab, org.springframework.boot.test.context.SpringBootTestArgs@1, org.springframework.boot.test.context.SpringBootTestWebEnvironment@50b5ac82], contextLoader = 'org.springframework.boot.test.context.SpringBootContextLoader', parent = [null]], attributes = map['org.springframework.test.context.event.ApplicationEventsTestExecutionListener.recordApplicationEvents' -> false]]
]]></system-out>
  <system-err><![CDATA[]]></system-err>
</testsuite>
