<?xml version="1.0" encoding="UTF-8"?>
<testsuite name="com.stan.spring.integration.database.repository.CompanyRepositoryTest" tests="1" skipped="0" failures="0" errors="0" timestamp="2022-08-04T13:11:29" hostname="DESKTOP-QI8F0IR" time="0.237">
  <properties/>
  <testcase name="checkFindByQueries()" classname="com.stan.spring.integration.database.repository.CompanyRepositoryTest" time="0.237"/>
  <system-out><![CDATA[16:11:22.669 [Test worker] DEBUG org.springframework.test.context.BootstrapUtils - Instantiating CacheAwareContextLoaderDelegate from class [org.springframework.test.context.cache.DefaultCacheAwareContextLoaderDelegate]
16:11:22.685 [Test worker] DEBUG org.springframework.test.context.BootstrapUtils - Instantiating BootstrapContext using constructor [public org.springframework.test.context.support.DefaultBootstrapContext(java.lang.Class,org.springframework.test.context.CacheAwareContextLoaderDelegate)]
16:11:22.757 [Test worker] DEBUG org.springframework.test.context.BootstrapUtils - Instantiating TestContextBootstrapper for test class [com.stan.spring.integration.database.repository.CompanyRepositoryTest] from class [org.springframework.boot.test.context.SpringBootTestContextBootstrapper]
16:11:22.783 [Test worker] INFO org.springframework.boot.test.context.SpringBootTestContextBootstrapper - Neither @ContextConfiguration nor @ContextHierarchy found for test class [com.stan.spring.integration.database.repository.CompanyRepositoryTest], using SpringBootContextLoader
16:11:22.788 [Test worker] DEBUG org.springframework.test.context.support.AbstractContextLoader - Did not detect default resource location for test class [com.stan.spring.integration.database.repository.CompanyRepositoryTest]: class path resource [com/stan/spring/integration/database/repository/CompanyRepositoryTest-context.xml] does not exist
16:11:22.789 [Test worker] DEBUG org.springframework.test.context.support.AbstractContextLoader - Did not detect default resource location for test class [com.stan.spring.integration.database.repository.CompanyRepositoryTest]: class path resource [com/stan/spring/integration/database/repository/CompanyRepositoryTestContext.groovy] does not exist
16:11:22.791 [Test worker] INFO org.springframework.test.context.support.AbstractContextLoader - Could not detect default resource locations for test class [com.stan.spring.integration.database.repository.CompanyRepositoryTest]: no resource found for suffixes {-context.xml, Context.groovy}.
16:11:22.985 [Test worker] DEBUG org.springframework.context.annotation.ClassPathScanningCandidateComponentProvider - Identified candidate component class: file [D:\JavaProjects\spring-starter\build\classes\java\main\com\stan\spring\ApplicationRunner.class]
16:11:22.986 [Test worker] INFO org.springframework.boot.test.context.SpringBootTestContextBootstrapper - Found @SpringBootConfiguration com.stan.spring.ApplicationRunner for test class com.stan.spring.integration.database.repository.CompanyRepositoryTest
16:11:23.156 [Test worker] DEBUG org.springframework.boot.test.context.SpringBootTestContextBootstrapper - @TestExecutionListeners is not present for class [com.stan.spring.integration.database.repository.CompanyRepositoryTest]: using defaults.
16:11:23.156 [Test worker] INFO org.springframework.boot.test.context.SpringBootTestContextBootstrapper - Loaded default TestExecutionListener class names from location [META-INF/spring.factories]: [org.springframework.boot.test.autoconfigure.restdocs.RestDocsTestExecutionListener, org.springframework.boot.test.autoconfigure.web.client.MockRestServiceServerResetTestExecutionListener, org.springframework.boot.test.autoconfigure.web.servlet.MockMvcPrintOnlyOnFailureTestExecutionListener, org.springframework.boot.test.autoconfigure.web.servlet.WebDriverTestExecutionListener, org.springframework.boot.test.autoconfigure.webservices.client.MockWebServiceServerTestExecutionListener, org.springframework.boot.test.mock.mockito.MockitoTestExecutionListener, org.springframework.boot.test.mock.mockito.ResetMocksTestExecutionListener, org.springframework.test.context.web.ServletTestExecutionListener, org.springframework.test.context.support.DirtiesContextBeforeModesTestExecutionListener, org.springframework.test.context.event.ApplicationEventsTestExecutionListener, org.springframework.test.context.support.DependencyInjectionTestExecutionListener, org.springframework.test.context.support.DirtiesContextTestExecutionListener, org.springframework.test.context.transaction.TransactionalTestExecutionListener, org.springframework.test.context.jdbc.SqlScriptsTestExecutionListener, org.springframework.test.context.event.EventPublishingTestExecutionListener]
16:11:23.170 [Test worker] DEBUG org.springframework.boot.test.context.SpringBootTestContextBootstrapper - Skipping candidate TestExecutionListener [org.springframework.test.context.web.ServletTestExecutionListener] due to a missing dependency. Specify custom listener classes or make the default listener classes and their required dependencies available. Offending class: [javax/servlet/ServletContext]
16:11:23.181 [Test worker] INFO org.springframework.boot.test.context.SpringBootTestContextBootstrapper - Using TestExecutionListeners: [org.springframework.test.context.support.DirtiesContextBeforeModesTestExecutionListener@35beb15e, org.springframework.test.context.event.ApplicationEventsTestExecutionListener@41fe9859, org.springframework.boot.test.mock.mockito.MockitoTestExecutionListener@5ac86ba5, org.springframework.boot.test.autoconfigure.SpringBootDependencyInjectionTestExecutionListener@6c67e137, org.springframework.test.context.support.DirtiesContextTestExecutionListener@2c9399a4, org.springframework.test.context.transaction.TransactionalTestExecutionListener@191ae03f, org.springframework.test.context.jdbc.SqlScriptsTestExecutionListener@9635fa, org.springframework.test.context.event.EventPublishingTestExecutionListener@53ab0286, org.springframework.boot.test.autoconfigure.restdocs.RestDocsTestExecutionListener@63c5efee, org.springframework.boot.test.autoconfigure.web.client.MockRestServiceServerResetTestExecutionListener@2d10e0b1, org.springframework.boot.test.autoconfigure.web.servlet.MockMvcPrintOnlyOnFailureTestExecutionListener@1c98290c, org.springframework.boot.test.autoconfigure.web.servlet.WebDriverTestExecutionListener@172ca72b, org.springframework.boot.test.autoconfigure.webservices.client.MockWebServiceServerTestExecutionListener@5bda80bf, org.springframework.boot.test.mock.mockito.ResetMocksTestExecutionListener@71e5f61d]
16:11:23.187 [Test worker] DEBUG org.springframework.test.context.support.AbstractDirtiesContextTestExecutionListener - Before test class: context [DefaultTestContext@2b58f754 testClass = CompanyRepositoryTest, testInstance = [null], testMethod = [null], testException = [null], mergedContextConfiguration = [MergedContextConfiguration@3ebff828 testClass = CompanyRepositoryTest, locations = '{}', classes = '{class com.stan.spring.ApplicationRunner, class com.stan.spring.integration.TestApplicationRunner}', contextInitializerClasses = '[]', activeProfiles = '{test}', propertySourceLocations = '{}', propertySourceProperties = '{org.springframework.boot.test.context.SpringBootTestContextBootstrapper=true}', contextCustomizers = set[org.springframework.boot.test.autoconfigure.actuate.metrics.MetricsExportContextCustomizerFactory$DisableMetricExportContextCustomizer@71529963, org.springframework.boot.test.autoconfigure.properties.PropertyMappingContextCustomizer@0, org.springframework.boot.test.autoconfigure.web.servlet.WebDriverContextCustomizerFactory$Customizer@32f232a5, org.springframework.boot.test.context.filter.ExcludeFilterContextCustomizer@2f40e5db, org.springframework.boot.test.json.DuplicateJsonObjectContextCustomizerFactory$DuplicateJsonObjectContextCustomizer@530712d, org.springframework.boot.test.mock.mockito.MockitoContextCustomizer@0, org.springframework.boot.test.web.client.TestRestTemplateContextCustomizer@2654635, org.springframework.boot.test.context.SpringBootTestArgs@1, org.springframework.boot.test.context.SpringBootTestWebEnvironment@2df9b86], contextLoader = 'org.springframework.boot.test.context.SpringBootContextLoader', parent = [null]], attributes = map[[empty]]], class annotated with @DirtiesContext [false] with mode [null].
16:11:23.241 [Test worker] DEBUG org.springframework.boot.ApplicationEnvironment - Activating profiles []
16:11:23.248 [Test worker] DEBUG org.springframework.test.context.support.TestPropertySourceUtils - Adding inlined properties to environment: {spring.jmx.enabled=false, org.springframework.boot.test.context.SpringBootTestContextBootstrapper=true}

  .   ____          _            __ _ _
 /\\ / ___'_ __ _ _(_)_ __  __ _ \ \ \ \
( ( )\___ | '_ | '_| | '_ \/ _` | \ \ \ \
 \\/  ___)| |_)| | | | | || (_| |  ) ) ) )
  '  |____| .__|_| |_|_| |_\__, | / / / /
 =========|_|==============|___/=/_/_/_/
 :: Spring Boot ::                (v2.6.2)

2022-08-04 16:11:23.812  INFO 13272 --- [    Test worker] c.s.s.i.d.r.CompanyRepositoryTest        : Starting CompanyRepositoryTest using Java 17.0.3.1 on DESKTOP-QI8F0IR with PID 13272 (started by posht in D:\JavaProjects\spring-starter)
2022-08-04 16:11:23.813  INFO 13272 --- [    Test worker] c.s.s.i.d.r.CompanyRepositoryTest        : The following profiles are active: test
2022-08-04 16:11:24.735  INFO 13272 --- [    Test worker] .s.d.r.c.RepositoryConfigurationDelegate : Bootstrapping Spring Data JPA repositories in DEFAULT mode.
2022-08-04 16:11:24.844  INFO 13272 --- [    Test worker] .s.d.r.c.RepositoryConfigurationDelegate : Finished Spring Data repository scanning in 91 ms. Found 1 JPA repository interfaces.

2022-08-04 16:11:25.727  INFO 13272 --- [    Test worker] com.zaxxer.hikari.HikariDataSource       : HikariPool-1 - Starting...
2022-08-04 16:11:26.004  INFO 13272 --- [    Test worker] com.zaxxer.hikari.HikariDataSource       : HikariPool-1 - Start completed.
2022-08-04 16:11:26.155  INFO 13272 --- [    Test worker] o.hibernate.jpa.internal.util.LogHelper  : HHH000204: Processing PersistenceUnitInfo [name: default]
2022-08-04 16:11:26.343  INFO 13272 --- [    Test worker] org.hibernate.Version                    : HHH000412: Hibernate ORM core version 5.6.3.Final
2022-08-04 16:11:26.855  INFO 13272 --- [    Test worker] o.hibernate.annotations.common.Version   : HCANN000001: Hibernate Commons Annotations {5.1.2.Final}
2022-08-04 16:11:27.089  INFO 13272 --- [    Test worker] org.hibernate.dialect.Dialect            : HHH000400: Using dialect: org.hibernate.dialect.PostgreSQL10Dialect
2022-08-04 16:11:28.141  INFO 13272 --- [    Test worker] o.h.e.t.j.p.i.JtaPlatformInitiator       : HHH000490: Using JtaPlatform implementation: [org.hibernate.engine.transaction.jta.platform.internal.NoJtaPlatform]
2022-08-04 16:11:28.298  INFO 13272 --- [    Test worker] j.LocalContainerEntityManagerFactoryBean : Initialized JPA EntityManagerFactory for persistence unit 'default'
2022-08-04 16:11:28.321  INFO 13272 --- [    Test worker] c.s.spring.database.pool.ConnectionPool  : Init connection pool
2022-08-04 16:11:28.627  INFO 13272 --- [    Test worker] com.stan.spring.config.JpaConfiguration  : Jpa configuration is enabled
2022-08-04 16:11:29.509  INFO 13272 --- [    Test worker] c.s.spring.database.pool.ConnectionPool  : Init connection pool
2022-08-04 16:11:29.570  INFO 13272 --- [    Test worker] c.s.spring.database.pool.ConnectionPool  : Init connection pool
2022-08-04 16:11:29.923  INFO 13272 --- [    Test worker] c.s.s.i.d.r.CompanyRepositoryTest        : Started CompanyRepositoryTest in 6.671 seconds (JVM running for 8.547)
2022-08-04 16:11:29.991  INFO 13272 --- [    Test worker] o.s.t.c.transaction.TransactionContext   : Began transaction (1) for test context [DefaultTestContext@2b58f754 testClass = CompanyRepositoryTest, testInstance = com.stan.spring.integration.database.repository.CompanyRepositoryTest@3e4636c3, testMethod = checkFindByQueries@CompanyRepositoryTest, testException = [null], mergedContextConfiguration = [MergedContextConfiguration@3ebff828 testClass = CompanyRepositoryTest, locations = '{}', classes = '{class com.stan.spring.ApplicationRunner, class com.stan.spring.integration.TestApplicationRunner}', contextInitializerClasses = '[]', activeProfiles = '{test}', propertySourceLocations = '{}', propertySourceProperties = '{org.springframework.boot.test.context.SpringBootTestContextBootstrapper=true}', contextCustomizers = set[org.springframework.boot.test.autoconfigure.actuate.metrics.MetricsExportContextCustomizerFactory$DisableMetricExportContextCustomizer@71529963, org.springframework.boot.test.autoconfigure.properties.PropertyMappingContextCustomizer@0, org.springframework.boot.test.autoconfigure.web.servlet.WebDriverContextCustomizerFactory$Customizer@32f232a5, org.springframework.boot.test.context.filter.ExcludeFilterContextCustomizer@2f40e5db, org.springframework.boot.test.json.DuplicateJsonObjectContextCustomizerFactory$DuplicateJsonObjectContextCustomizer@530712d, org.springframework.boot.test.mock.mockito.MockitoContextCustomizer@0, org.springframework.boot.test.web.client.TestRestTemplateContextCustomizer@2654635, org.springframework.boot.test.context.SpringBootTestArgs@1, org.springframework.boot.test.context.SpringBootTestWebEnvironment@2df9b86], contextLoader = 'org.springframework.boot.test.context.SpringBootContextLoader', parent = [null]], attributes = map['org.springframework.test.context.event.ApplicationEventsTestExecutionListener.recordApplicationEvents' -> false]]; transaction manager [org.springframework.orm.jpa.JpaTransactionManager@279e8bc0]; rollback [true]
Hibernate: 
    select
        company0_.id as id1_1_,
        company0_.name as name2_1_ 
    from
        company company0_ 
    where
        lower(company0_.name)=lower(?)
Hibernate: 
    select
        company0_.id as id1_1_,
        company0_.name as name2_1_ 
    from
        company company0_ 
    where
        upper(company0_.name) like upper(?) escape ?
2022-08-04 16:11:30.191  INFO 13272 --- [    Test worker] o.s.t.c.transaction.TransactionContext   : Rolled back transaction for test: [DefaultTestContext@2b58f754 testClass = CompanyRepositoryTest, testInstance = com.stan.spring.integration.database.repository.CompanyRepositoryTest@3e4636c3, testMethod = checkFindByQueries@CompanyRepositoryTest, testException = [null], mergedContextConfiguration = [MergedContextConfiguration@3ebff828 testClass = CompanyRepositoryTest, locations = '{}', classes = '{class com.stan.spring.ApplicationRunner, class com.stan.spring.integration.TestApplicationRunner}', contextInitializerClasses = '[]', activeProfiles = '{test}', propertySourceLocations = '{}', propertySourceProperties = '{org.springframework.boot.test.context.SpringBootTestContextBootstrapper=true}', contextCustomizers = set[org.springframework.boot.test.autoconfigure.actuate.metrics.MetricsExportContextCustomizerFactory$DisableMetricExportContextCustomizer@71529963, org.springframework.boot.test.autoconfigure.properties.PropertyMappingContextCustomizer@0, org.springframework.boot.test.autoconfigure.web.servlet.WebDriverContextCustomizerFactory$Customizer@32f232a5, org.springframework.boot.test.context.filter.ExcludeFilterContextCustomizer@2f40e5db, org.springframework.boot.test.json.DuplicateJsonObjectContextCustomizerFactory$DuplicateJsonObjectContextCustomizer@530712d, org.springframework.boot.test.mock.mockito.MockitoContextCustomizer@0, org.springframework.boot.test.web.client.TestRestTemplateContextCustomizer@2654635, org.springframework.boot.test.context.SpringBootTestArgs@1, org.springframework.boot.test.context.SpringBootTestWebEnvironment@2df9b86], contextLoader = 'org.springframework.boot.test.context.SpringBootContextLoader', parent = [null]], attributes = map['org.springframework.test.context.event.ApplicationEventsTestExecutionListener.recordApplicationEvents' -> false]]
]]></system-out>
  <system-err><![CDATA[]]></system-err>
</testsuite>
