<?xml version="1.0" encoding="UTF-8"?>
<testsuite name="com.stan.spring.service.integration.service.UserServiceIT" tests="2" skipped="0" failures="0" errors="0" timestamp="2022-06-18T15:35:57" hostname="DESKTOP-QI8F0IR" time="0.49">
  <properties/>
  <testcase name="test()" classname="com.stan.spring.service.integration.service.UserServiceIT" time="0.009"/>
  <testcase name="test2()" classname="com.stan.spring.service.integration.service.UserServiceIT" time="0.009"/>
  <system-out><![CDATA[
2022-06-18 18:35:57.385  INFO 14660 --- [    Test worker] c.s.spring.database.pool.ConnectionPool  : Clean connection pool
2022-06-18 18:35:57.386  INFO 14660 --- [    Test worker] c.s.spring.database.pool.ConnectionPool  : Clean connection pool

  .   ____          _            __ _ _
 /\\ / ___'_ __ _ _(_)_ __  __ _ \ \ \ \
( ( )\___ | '_ | '_| | '_ \/ _` | \ \ \ \
 \\/  ___)| |_)| | | | | || (_| |  ) ) ) )
  '  |____| .__|_| |_|_| |_\__, | / / / /
 =========|_|==============|___/=/_/_/_/
 :: Spring Boot ::                (v2.6.2)



2022-06-18 18:35:57.719  INFO 14660 --- [    Test worker] c.s.spring.database.pool.ConnectionPool  : Init connection pool
2022-06-18 18:35:57.732  INFO 14660 --- [    Test worker] c.s.spring.database.pool.ConnectionPool  : Init connection pool
2022-06-18 18:35:57.733  INFO 14660 --- [    Test worker] c.s.spring.database.pool.ConnectionPool  : Init connection pool
2022-06-18 18:35:57.737  WARN 14660 --- [    Test worker] c.s.s.d.repository.CompanyRepository     : init company repository
2022-06-18 18:35:57.742  INFO 14660 --- [    Test worker] c.s.spring.database.pool.ConnectionPool  : Init connection pool
2022-06-18 18:35:57.747  INFO 14660 --- [    Test worker] c.s.spring.database.pool.ConnectionPool  : Init connection pool
2022-06-18 18:35:57.750  WARN 14660 --- [    Test worker] c.s.s.d.repository.CompanyRepository     : init company repository

2022-06-18 18:35:57.869  INFO 14660 --- [    Test worker] c.s.spring.database.pool.ConnectionPool  : Clean connection pool
2022-06-18 18:35:57.869  INFO 14660 --- [    Test worker] c.s.spring.database.pool.ConnectionPool  : Clean connection pool
]]></system-out>
  <system-err><![CDATA[]]></system-err>
</testsuite>
