<?xml version="1.0" encoding="UTF-8"?>
<testsuite name="com.stan.spring.service.integration.service.CompanyServiceIT" tests="1" skipped="0" failures="0" errors="0" timestamp="2022-06-18T14:52:30" hostname="DESKTOP-QI8F0IR" time="0.649">
  <properties/>
  <testcase name="findById()" classname="com.stan.spring.service.integration.service.CompanyServiceIT" time="0.649"/>
  <system-out><![CDATA[17:52:28.842 [Test worker] DEBUG org.springframework.test.context.BootstrapUtils - Instantiating CacheAwareContextLoaderDelegate from class [org.springframework.test.context.cache.DefaultCacheAwareContextLoaderDelegate]
17:52:28.856 [Test worker] DEBUG org.springframework.test.context.BootstrapUtils - Instantiating BootstrapContext using constructor [public org.springframework.test.context.support.DefaultBootstrapContext(java.lang.Class,org.springframework.test.context.CacheAwareContextLoaderDelegate)]
17:52:28.902 [Test worker] DEBUG org.springframework.test.context.BootstrapUtils - Instantiating TestContextBootstrapper for test class [com.stan.spring.service.integration.service.CompanyServiceIT] from class [org.springframework.boot.test.context.SpringBootTestContextBootstrapper]
17:52:28.923 [Test worker] INFO org.springframework.boot.test.context.SpringBootTestContextBootstrapper - Neither @ContextConfiguration nor @ContextHierarchy found for test class [com.stan.spring.service.integration.service.CompanyServiceIT], using SpringBootContextLoader
17:52:28.931 [Test worker] DEBUG org.springframework.test.context.support.AbstractContextLoader - Did not detect default resource location for test class [com.stan.spring.service.integration.service.CompanyServiceIT]: class path resource [com/stan/spring/service/integration/service/CompanyServiceIT-context.xml] does not exist
17:52:28.932 [Test worker] DEBUG org.springframework.test.context.support.AbstractContextLoader - Did not detect default resource location for test class [com.stan.spring.service.integration.service.CompanyServiceIT]: class path resource [com/stan/spring/service/integration/service/CompanyServiceITContext.groovy] does not exist
17:52:28.932 [Test worker] INFO org.springframework.test.context.support.AbstractContextLoader - Could not detect default resource locations for test class [com.stan.spring.service.integration.service.CompanyServiceIT]: no resource found for suffixes {-context.xml, Context.groovy}.
17:52:28.933 [Test worker] INFO org.springframework.test.context.support.AnnotationConfigContextLoaderUtils - Could not detect default configuration classes for test class [com.stan.spring.service.integration.service.CompanyServiceIT]: CompanyServiceIT does not declare any static, non-private, non-final, nested classes annotated with @Configuration.
17:52:29.116 [Test worker] DEBUG org.springframework.context.annotation.ClassPathScanningCandidateComponentProvider - Identified candidate component class: file [D:\JavaProjects\spring-starter\build\classes\java\main\com\stan\spring\ApplicationRunner.class]
17:52:29.118 [Test worker] INFO org.springframework.boot.test.context.SpringBootTestContextBootstrapper - Found @SpringBootConfiguration com.stan.spring.ApplicationRunner for test class com.stan.spring.service.integration.service.CompanyServiceIT
17:52:29.290 [Test worker] DEBUG org.springframework.boot.test.context.SpringBootTestContextBootstrapper - @TestExecutionListeners is not present for class [com.stan.spring.service.integration.service.CompanyServiceIT]: using defaults.
17:52:29.291 [Test worker] INFO org.springframework.boot.test.context.SpringBootTestContextBootstrapper - Loaded default TestExecutionListener class names from location [META-INF/spring.factories]: [org.springframework.boot.test.autoconfigure.restdocs.RestDocsTestExecutionListener, org.springframework.boot.test.autoconfigure.web.client.MockRestServiceServerResetTestExecutionListener, org.springframework.boot.test.autoconfigure.web.servlet.MockMvcPrintOnlyOnFailureTestExecutionListener, org.springframework.boot.test.autoconfigure.web.servlet.WebDriverTestExecutionListener, org.springframework.boot.test.autoconfigure.webservices.client.MockWebServiceServerTestExecutionListener, org.springframework.boot.test.mock.mockito.MockitoTestExecutionListener, org.springframework.boot.test.mock.mockito.ResetMocksTestExecutionListener, org.springframework.test.context.web.ServletTestExecutionListener, org.springframework.test.context.support.DirtiesContextBeforeModesTestExecutionListener, org.springframework.test.context.event.ApplicationEventsTestExecutionListener, org.springframework.test.context.support.DependencyInjectionTestExecutionListener, org.springframework.test.context.support.DirtiesContextTestExecutionListener, org.springframework.test.context.transaction.TransactionalTestExecutionListener, org.springframework.test.context.jdbc.SqlScriptsTestExecutionListener, org.springframework.test.context.event.EventPublishingTestExecutionListener]
17:52:29.305 [Test worker] DEBUG org.springframework.boot.test.context.SpringBootTestContextBootstrapper - Skipping candidate TestExecutionListener [org.springframework.test.context.web.ServletTestExecutionListener] due to a missing dependency. Specify custom listener classes or make the default listener classes and their required dependencies available. Offending class: [javax/servlet/ServletContext]
17:52:29.307 [Test worker] DEBUG org.springframework.boot.test.context.SpringBootTestContextBootstrapper - Skipping candidate TestExecutionListener [org.springframework.test.context.transaction.TransactionalTestExecutionListener] due to a missing dependency. Specify custom listener classes or make the default listener classes and their required dependencies available. Offending class: [org/springframework/transaction/interceptor/TransactionAttributeSource]
17:52:29.308 [Test worker] DEBUG org.springframework.boot.test.context.SpringBootTestContextBootstrapper - Skipping candidate TestExecutionListener [org.springframework.test.context.jdbc.SqlScriptsTestExecutionListener] due to a missing dependency. Specify custom listener classes or make the default listener classes and their required dependencies available. Offending class: [org/springframework/transaction/interceptor/TransactionAttribute]
17:52:29.309 [Test worker] INFO org.springframework.boot.test.context.SpringBootTestContextBootstrapper - Using TestExecutionListeners: [org.springframework.test.context.support.DirtiesContextBeforeModesTestExecutionListener@6f603e89, org.springframework.test.context.event.ApplicationEventsTestExecutionListener@2756c0a7, org.springframework.boot.test.mock.mockito.MockitoTestExecutionListener@350ec41e, org.springframework.boot.test.autoconfigure.SpringBootDependencyInjectionTestExecutionListener@69637b10, org.springframework.test.context.support.DirtiesContextTestExecutionListener@71984c3, org.springframework.test.context.event.EventPublishingTestExecutionListener@165b2f7f, org.springframework.boot.test.autoconfigure.restdocs.RestDocsTestExecutionListener@5536379e, org.springframework.boot.test.autoconfigure.web.client.MockRestServiceServerResetTestExecutionListener@277f7dd3, org.springframework.boot.test.autoconfigure.web.servlet.MockMvcPrintOnlyOnFailureTestExecutionListener@6c8bca63, org.springframework.boot.test.autoconfigure.web.servlet.WebDriverTestExecutionListener@2364305a, org.springframework.boot.test.autoconfigure.webservices.client.MockWebServiceServerTestExecutionListener@470a696f, org.springframework.boot.test.mock.mockito.ResetMocksTestExecutionListener@1bc715b8]
17:52:29.315 [Test worker] DEBUG org.springframework.test.context.support.AbstractDirtiesContextTestExecutionListener - Before test class: context [DefaultTestContext@40258c2f testClass = CompanyServiceIT, testInstance = [null], testMethod = [null], testException = [null], mergedContextConfiguration = [MergedContextConfiguration@2cac4385 testClass = CompanyServiceIT, locations = '{}', classes = '{class com.stan.spring.ApplicationRunner}', contextInitializerClasses = '[]', activeProfiles = '{test}', propertySourceLocations = '{}', propertySourceProperties = '{org.springframework.boot.test.context.SpringBootTestContextBootstrapper=true}', contextCustomizers = set[org.springframework.boot.test.autoconfigure.actuate.metrics.MetricsExportContextCustomizerFactory$DisableMetricExportContextCustomizer@64c63c79, org.springframework.boot.test.autoconfigure.properties.PropertyMappingContextCustomizer@0, org.springframework.boot.test.autoconfigure.web.servlet.WebDriverContextCustomizerFactory$Customizer@21fd5faa, org.springframework.boot.test.context.filter.ExcludeFilterContextCustomizer@3fc9504b, org.springframework.boot.test.json.DuplicateJsonObjectContextCustomizerFactory$DuplicateJsonObjectContextCustomizer@7e4204e2, org.springframework.boot.test.mock.mockito.MockitoContextCustomizer@0, org.springframework.boot.test.web.client.TestRestTemplateContextCustomizer@68b32e3e, org.springframework.boot.test.context.SpringBootTestArgs@1, org.springframework.boot.test.context.SpringBootTestWebEnvironment@69e1dd28], contextLoader = 'org.springframework.boot.test.context.SpringBootContextLoader', parent = [null]], attributes = map[[empty]]], class annotated with @DirtiesContext [false] with mode [null].
17:52:29.369 [Test worker] DEBUG org.springframework.boot.ApplicationEnvironment - Activating profiles []
17:52:29.376 [Test worker] DEBUG org.springframework.test.context.support.TestPropertySourceUtils - Adding inlined properties to environment: {spring.jmx.enabled=false, org.springframework.boot.test.context.SpringBootTestContextBootstrapper=true}

  .   ____          _            __ _ _
 /\\ / ___'_ __ _ _(_)_ __  __ _ \ \ \ \
( ( )\___ | '_ | '_| | '_ \/ _` | \ \ \ \
 \\/  ___)| |_)| | | | | || (_| |  ) ) ) )
  '  |____| .__|_| |_|_| |_\__, | / / / /
 =========|_|==============|___/=/_/_/_/
 :: Spring Boot ::                (v2.6.2)



2022-06-18 17:52:30.720  INFO 17196 --- [    Test worker] c.s.spring.database.pool.ConnectionPool  : Init connection pool
2022-06-18 17:52:30.745  INFO 17196 --- [    Test worker] c.s.spring.database.pool.ConnectionPool  : Init connection pool
2022-06-18 17:52:30.747  INFO 17196 --- [    Test worker] c.s.spring.database.pool.ConnectionPool  : Init connection pool
2022-06-18 17:52:30.754  WARN 17196 --- [    Test worker] c.s.s.d.repository.CompanyRepository     : init company repository
2022-06-18 17:52:30.760  INFO 17196 --- [    Test worker] c.s.spring.database.pool.ConnectionPool  : Init connection pool
2022-06-18 17:52:30.767  INFO 17196 --- [    Test worker] c.s.spring.database.pool.ConnectionPool  : Init connection pool
2022-06-18 17:52:30.770  WARN 17196 --- [    Test worker] c.s.s.d.repository.CompanyRepository     : init company repository
Open transaction
Audit method:findById
findById method
Time execution:226100
Close transtaction
]]></system-out>
  <system-err><![CDATA[]]></system-err>
</testsuite>
