<?xml version="1.0" encoding="UTF-8"?>
<testsuite name="com.stan.spring.service.integration.service.CompanyServiceIT" tests="1" skipped="0" failures="0" errors="0" timestamp="2022-06-18T15:35:57" hostname="DESKTOP-QI8F0IR" time="0.093">
  <properties/>
  <testcase name="findById()" classname="com.stan.spring.service.integration.service.CompanyServiceIT" time="0.093"/>
  <system-out><![CDATA[18:35:53.588 [Test worker] DEBUG org.springframework.test.context.BootstrapUtils - Instantiating CacheAwareContextLoaderDelegate from class [org.springframework.test.context.cache.DefaultCacheAwareContextLoaderDelegate]
18:35:53.607 [Test worker] DEBUG org.springframework.test.context.BootstrapUtils - Instantiating BootstrapContext using constructor [public org.springframework.test.context.support.DefaultBootstrapContext(java.lang.Class,org.springframework.test.context.CacheAwareContextLoaderDelegate)]
18:35:53.666 [Test worker] DEBUG org.springframework.test.context.BootstrapUtils - Instantiating TestContextBootstrapper for test class [com.stan.spring.service.integration.service.CompanyServiceIT] from class [org.springframework.boot.test.context.SpringBootTestContextBootstrapper]
18:35:53.692 [Test worker] INFO org.springframework.boot.test.context.SpringBootTestContextBootstrapper - Neither @ContextConfiguration nor @ContextHierarchy found for test class [com.stan.spring.service.integration.service.CompanyServiceIT], using SpringBootContextLoader
18:35:53.697 [Test worker] DEBUG org.springframework.test.context.support.AbstractContextLoader - Did not detect default resource location for test class [com.stan.spring.service.integration.service.CompanyServiceIT]: class path resource [com/stan/spring/service/integration/service/CompanyServiceIT-context.xml] does not exist
18:35:53.698 [Test worker] DEBUG org.springframework.test.context.support.AbstractContextLoader - Did not detect default resource location for test class [com.stan.spring.service.integration.service.CompanyServiceIT]: class path resource [com/stan/spring/service/integration/service/CompanyServiceITContext.groovy] does not exist
18:35:53.698 [Test worker] INFO org.springframework.test.context.support.AbstractContextLoader - Could not detect default resource locations for test class [com.stan.spring.service.integration.service.CompanyServiceIT]: no resource found for suffixes {-context.xml, Context.groovy}.
18:35:53.914 [Test worker] DEBUG org.springframework.context.annotation.ClassPathScanningCandidateComponentProvider - Identified candidate component class: file [D:\JavaProjects\spring-starter\build\classes\java\main\com\stan\spring\ApplicationRunner.class]
18:35:53.917 [Test worker] INFO org.springframework.boot.test.context.SpringBootTestContextBootstrapper - Found @SpringBootConfiguration com.stan.spring.ApplicationRunner for test class com.stan.spring.service.integration.service.CompanyServiceIT
18:35:54.079 [Test worker] DEBUG org.springframework.boot.test.context.SpringBootTestContextBootstrapper - @TestExecutionListeners is not present for class [com.stan.spring.service.integration.service.CompanyServiceIT]: using defaults.
18:35:54.080 [Test worker] INFO org.springframework.boot.test.context.SpringBootTestContextBootstrapper - Loaded default TestExecutionListener class names from location [META-INF/spring.factories]: [org.springframework.boot.test.autoconfigure.restdocs.RestDocsTestExecutionListener, org.springframework.boot.test.autoconfigure.web.client.MockRestServiceServerResetTestExecutionListener, org.springframework.boot.test.autoconfigure.web.servlet.MockMvcPrintOnlyOnFailureTestExecutionListener, org.springframework.boot.test.autoconfigure.web.servlet.WebDriverTestExecutionListener, org.springframework.boot.test.autoconfigure.webservices.client.MockWebServiceServerTestExecutionListener, org.springframework.boot.test.mock.mockito.MockitoTestExecutionListener, org.springframework.boot.test.mock.mockito.ResetMocksTestExecutionListener, org.springframework.test.context.web.ServletTestExecutionListener, org.springframework.test.context.support.DirtiesContextBeforeModesTestExecutionListener, org.springframework.test.context.event.ApplicationEventsTestExecutionListener, org.springframework.test.context.support.DependencyInjectionTestExecutionListener, org.springframework.test.context.support.DirtiesContextTestExecutionListener, org.springframework.test.context.transaction.TransactionalTestExecutionListener, org.springframework.test.context.jdbc.SqlScriptsTestExecutionListener, org.springframework.test.context.event.EventPublishingTestExecutionListener]
18:35:54.092 [Test worker] DEBUG org.springframework.boot.test.context.SpringBootTestContextBootstrapper - Skipping candidate TestExecutionListener [org.springframework.test.context.web.ServletTestExecutionListener] due to a missing dependency. Specify custom listener classes or make the default listener classes and their required dependencies available. Offending class: [javax/servlet/ServletContext]
18:35:54.095 [Test worker] DEBUG org.springframework.boot.test.context.SpringBootTestContextBootstrapper - Skipping candidate TestExecutionListener [org.springframework.test.context.transaction.TransactionalTestExecutionListener] due to a missing dependency. Specify custom listener classes or make the default listener classes and their required dependencies available. Offending class: [org/springframework/transaction/interceptor/TransactionAttributeSource]
18:35:54.096 [Test worker] DEBUG org.springframework.boot.test.context.SpringBootTestContextBootstrapper - Skipping candidate TestExecutionListener [org.springframework.test.context.jdbc.SqlScriptsTestExecutionListener] due to a missing dependency. Specify custom listener classes or make the default listener classes and their required dependencies available. Offending class: [org/springframework/transaction/interceptor/TransactionAttribute]
18:35:54.097 [Test worker] INFO org.springframework.boot.test.context.SpringBootTestContextBootstrapper - Using TestExecutionListeners: [org.springframework.test.context.support.DirtiesContextBeforeModesTestExecutionListener@64df9a61, org.springframework.test.context.event.ApplicationEventsTestExecutionListener@77602954, org.springframework.boot.test.mock.mockito.MockitoTestExecutionListener@e260766, org.springframework.boot.test.autoconfigure.SpringBootDependencyInjectionTestExecutionListener@2c3dec30, org.springframework.test.context.support.DirtiesContextTestExecutionListener@34a97744, org.springframework.test.context.event.EventPublishingTestExecutionListener@4275c20c, org.springframework.boot.test.autoconfigure.restdocs.RestDocsTestExecutionListener@7c56e013, org.springframework.boot.test.autoconfigure.web.client.MockRestServiceServerResetTestExecutionListener@3fc9dfc5, org.springframework.boot.test.autoconfigure.web.servlet.MockMvcPrintOnlyOnFailureTestExecutionListener@40258c2f, org.springframework.boot.test.autoconfigure.web.servlet.WebDriverTestExecutionListener@2cac4385, org.springframework.boot.test.autoconfigure.webservices.client.MockWebServiceServerTestExecutionListener@6731787b, org.springframework.boot.test.mock.mockito.ResetMocksTestExecutionListener@16f7b4af]
18:35:54.103 [Test worker] DEBUG org.springframework.test.context.support.AbstractDirtiesContextTestExecutionListener - Before test class: context [DefaultTestContext@2c7d121c testClass = CompanyServiceIT, testInstance = [null], testMethod = [null], testException = [null], mergedContextConfiguration = [MergedContextConfiguration@65aa6596 testClass = CompanyServiceIT, locations = '{}', classes = '{class com.stan.spring.ApplicationRunner, class com.stan.spring.service.integration.TestApplicationRunner}', contextInitializerClasses = '[]', activeProfiles = '{test}', propertySourceLocations = '{}', propertySourceProperties = '{org.springframework.boot.test.context.SpringBootTestContextBootstrapper=true}', contextCustomizers = set[org.springframework.boot.test.autoconfigure.actuate.metrics.MetricsExportContextCustomizerFactory$DisableMetricExportContextCustomizer@5bf8fa12, org.springframework.boot.test.autoconfigure.properties.PropertyMappingContextCustomizer@0, org.springframework.boot.test.autoconfigure.web.servlet.WebDriverContextCustomizerFactory$Customizer@6eb2384f, org.springframework.boot.test.context.filter.ExcludeFilterContextCustomizer@12f9af83, org.springframework.boot.test.json.DuplicateJsonObjectContextCustomizerFactory$DuplicateJsonObjectContextCustomizer@1f010bf0, org.springframework.boot.test.mock.mockito.MockitoContextCustomizer@0, org.springframework.boot.test.web.client.TestRestTemplateContextCustomizer@344f4dea, org.springframework.boot.test.context.SpringBootTestArgs@1, org.springframework.boot.test.context.SpringBootTestWebEnvironment@696da30b], contextLoader = 'org.springframework.boot.test.context.SpringBootContextLoader', parent = [null]], attributes = map[[empty]]], class annotated with @DirtiesContext [false] with mode [null].
18:35:54.179 [Test worker] DEBUG org.springframework.boot.ApplicationEnvironment - Activating profiles []
18:35:54.185 [Test worker] DEBUG org.springframework.test.context.support.TestPropertySourceUtils - Adding inlined properties to environment: {spring.jmx.enabled=false, org.springframework.boot.test.context.SpringBootTestContextBootstrapper=true}

  .   ____          _            __ _ _
 /\\ / ___'_ __ _ _(_)_ __  __ _ \ \ \ \
( ( )\___ | '_ | '_| | '_ \/ _` | \ \ \ \
 \\/  ___)| |_)| | | | | || (_| |  ) ) ) )
  '  |____| .__|_| |_|_| |_\__, | / / / /
 =========|_|==============|___/=/_/_/_/
 :: Spring Boot ::                (v2.6.2)



2022-06-18 18:35:56.209  INFO 14660 --- [    Test worker] c.s.spring.database.pool.ConnectionPool  : Init connection pool
2022-06-18 18:35:57.050  INFO 14660 --- [    Test worker] c.s.spring.database.pool.ConnectionPool  : Init connection pool
2022-06-18 18:35:57.052  INFO 14660 --- [    Test worker] c.s.spring.database.pool.ConnectionPool  : Init connection pool
2022-06-18 18:35:57.063  WARN 14660 --- [    Test worker] c.s.s.d.repository.CompanyRepository     : init company repository
2022-06-18 18:35:57.071  INFO 14660 --- [    Test worker] c.s.spring.database.pool.ConnectionPool  : Init connection pool
2022-06-18 18:35:57.082  INFO 14660 --- [    Test worker] c.s.spring.database.pool.ConnectionPool  : Init connection pool
2022-06-18 18:35:57.086  WARN 14660 --- [    Test worker] c.s.s.d.repository.CompanyRepository     : init company repository
Open transaction
Audit method:findById
findById method
Time execution:392100
Close transtaction
]]></system-out>
  <system-err><![CDATA[]]></system-err>
</testsuite>
