<?xml version="1.0" encoding="UTF-8"?>
<testsuite name="com.stan.spring.service.CompanyServiceTest" tests="1" skipped="0" failures="0" errors="0" timestamp="2022-06-18T11:49:37" hostname="DESKTOP-QI8F0IR" time="0.909">
  <properties/>
  <testcase name="findById()" classname="com.stan.spring.service.CompanyServiceTest" time="0.909"/>
  <system-out><![CDATA[]]></system-out>
  <system-err><![CDATA[]]></system-err>
</testsuite>
